# JRE version: OpenJDK Runtime Environment Temurin-21.0.10+7 (21.0.10+7) (build 21.0.10+7-LTS)
# Java VM: OpenJDK 64-Bit Server VM Temurin-21.0.10+7 (21.0.10+7-LTS, mixed mode, sharing, tiered, compressed oops, compressed class ptrs, parallel gc, windows-amd64)
GC Precious Log:
 CardTable entry size: 512
 CPUs: 16 total, 16 available
 Memory: 16068M
 Large Page Support: Disabled
 NUMA Support: Disabled
 Compressed Oops: Enabled (32-bit)
 Alignments: Space 512K, Generation 512K, Heap 2M
 Heap Min Capacity: 100M
 Heap Initial Capacity: 100M
 Heap Max Capacity: 2G
 Pre-touch: Disabled
 Parallel Workers: 13
Heap:
 PSYoungGen      total 15360K, used 13303K [0x00000000d5580000, 0x00000000d6680000, 0x0000000100000000)
  eden space 13312K, 86% used [0x00000000d5580000,0x00000000d60b1d58,0x00000000d6280000)
  from space 2048K, 89% used [0x00000000d6280000,0x00000000d644c030,0x00000000d6480000)
  to   space 2048K, 0% used [0x00000000d6480000,0x00000000d6480000,0x00000000d6680000)
 ParOldGen       total 847872K, used 163517K [0x0000000080000000, 0x00000000b3c00000, 0x00000000d5580000)
  object space 847872K, 19% used [0x0000000080000000,0x0000000089faf530,0x00000000b3c00000)
 Metaspace       used 89356K, committed 91328K, reserved 1179648K
  class space    used 9200K, committed 10048K, reserved 1048576K
GC Heap History (20 events):
Event: 578.015 GC heap before
{Heap before GC invocations=1351 (full 5):
 PSYoungGen      total 13312K, used 13176K [0x00000000d5580000, 0x00000000d6c00000, 0x0000000100000000)
  eden space 7168K, 100% used [0x00000000d5580000,0x00000000d5c80000,0x00000000d5c80000)
  from space 6144K, 97% used [0x00000000d5c80000,0x00000000d625e0e0,0x00000000d6280000)
  to   space 7168K, 0% used [0x00000000d6500000,0x00000000d6500000,0x00000000d6c00000)
 ParOldGen       total 847872K, used 141095K [0x0000000080000000, 0x00000000b3c00000, 0x00000000d5580000)
  object space 847872K, 16% used [0x0000000080000000,0x00000000889c9f88,0x00000000b3c00000)
 Metaspace       used 89281K, committed 91264K, reserved 1179648K
  class space    used 9200K, committed 10048K, reserved 1048576K
}
Event: 578.022 GC heap after
{Heap after GC invocations=1351 (full 5):
 PSYoungGen      total 15872K, used 6579K [0x00000000d5580000, 0x00000000d6c00000, 0x0000000100000000)
  eden space 8704K, 0% used [0x00000000d5580000,0x00000000d5580000,0x00000000d5e00000)
  from space 7168K, 91% used [0x00000000d6500000,0x00000000d6b6cca0,0x00000000d6c00000)
  to   space 7168K, 0% used [0x00000000d5e00000,0x00000000d5e00000,0x00000000d6500000)
 ParOldGen       total 847872K, used 146663K [0x0000000080000000, 0x00000000b3c00000, 0x00000000d5580000)
  object space 847872K, 17% used [0x0000000080000000,0x0000000088f39ec8,0x00000000b3c00000)
 Metaspace       used 89281K, committed 91264K, reserved 1179648K
  class space    used 9200K, committed 10048K, reserved 1048576K
}
Event: 578.138 GC heap before
{Heap before GC invocations=1352 (full 5):
 PSYoungGen      total 15872K, used 15283K [0x00000000d5580000, 0x00000000d6c00000, 0x0000000100000000)
  eden space 8704K, 100% used [0x00000000d5580000,0x00000000d5e00000,0x00000000d5e00000)
  from space 7168K, 91% used [0x00000000d6500000,0x00000000d6b6cca0,0x00000000d6c00000)
  to   space 7168K, 0% used [0x00000000d5e00000,0x00000000d5e00000,0x00000000d6500000)
 ParOldGen       total 847872K, used 146663K [0x0000000080000000, 0x00000000b3c00000, 0x00000000d5580000)
  object space 847872K, 17% used [0x0000000080000000,0x0000000088f39ec8,0x00000000b3c00000)
 Metaspace       used 89283K, committed 91264K, reserved 1179648K
  class space    used 9200K, committed 10048K, reserved 1048576K
}
Event: 578.246 GC heap after
{Heap after GC invocations=1352 (full 5):
 PSYoungGen      total 9728K, used 832K [0x00000000d5580000, 0x00000000d6600000, 0x0000000100000000)
  eden space 8704K, 0% used [0x00000000d5580000,0x00000000d5580000,0x00000000d5e00000)
  from space 1024K, 81% used [0x00000000d5e00000,0x00000000d5ed0020,0x00000000d5f00000)
  to   space 3072K, 0% used [0x00000000d6300000,0x00000000d6300000,0x00000000d6600000)
 ParOldGen       total 847872K, used 152397K [0x0000000080000000, 0x00000000b3c00000, 0x00000000d5580000)
  object space 847872K, 17% used [0x0000000080000000,0x00000000894d36b8,0x00000000b3c00000)
 Metaspace       used 89283K, committed 91264K, reserved 1179648K
  class space    used 9200K, committed 10048K, reserved 1048576K
}
Event: 578.283 GC heap before
{Heap before GC invocations=1353 (full 5):
 PSYoungGen      total 9728K, used 9536K [0x00000000d5580000, 0x00000000d6600000, 0x0000000100000000)
  eden space 8704K, 99% used [0x00000000d5580000,0x00000000d5dfffe8,0x00000000d5e00000)
  from space 1024K, 81% used [0x00000000d5e00000,0x00000000d5ed0020,0x00000000d5f00000)
  to   space 3072K, 0% used [0x00000000d6300000,0x00000000d6300000,0x00000000d6600000)
 ParOldGen       total 847872K, used 152397K [0x0000000080000000, 0x00000000b3c00000, 0x00000000d5580000)
  object space 847872K, 17% used [0x0000000080000000,0x00000000894d36b8,0x00000000b3c00000)
 Metaspace       used 89283K, committed 91264K, reserved 1179648K
  class space    used 9200K, committed 10048K, reserved 1048576K
}
Event: 578.284 GC heap after
{Heap after GC invocations=1353 (full 5):
 PSYoungGen      total 11776K, used 3048K [0x00000000d5580000, 0x00000000d6a00000, 0x0000000100000000)
  eden space 8704K, 0% used [0x00000000d5580000,0x00000000d5580000,0x00000000d5e00000)
  from space 3072K, 99% used [0x00000000d6300000,0x00000000d65fa230,0x00000000d6600000)
  to   space 5120K, 0% used [0x00000000d5e00000,0x00000000d5e00000,0x00000000d6300000)
 ParOldGen       total 847872K, used 153485K [0x0000000080000000, 0x00000000b3c00000, 0x00000000d5580000)
  object space 847872K, 18% used [0x0000000080000000,0x00000000895e36d8,0x00000000b3c00000)
 Metaspace       used 89283K, committed 91264K, reserved 1179648K
  class space    used 9200K, committed 10048K, reserved 1048576K
}
Event: 578.303 GC heap before
{Heap before GC invocations=1354 (full 5):
 PSYoungGen      total 11776K, used 11752K [0x00000000d5580000, 0x00000000d6a00000, 0x0000000100000000)
  eden space 8704K, 100% used [0x00000000d5580000,0x00000000d5e00000,0x00000000d5e00000)
  from space 3072K, 99% used [0x00000000d6300000,0x00000000d65fa230,0x00000000d6600000)
  to   space 5120K, 0% used [0x00000000d5e00000,0x00000000d5e00000,0x00000000d6300000)
 ParOldGen       total 847872K, used 153485K [0x0000000080000000, 0x00000000b3c00000, 0x00000000d5580000)
  object space 847872K, 18% used [0x0000000080000000,0x00000000895e36d8,0x00000000b3c00000)
 Metaspace       used 89284K, committed 91264K, reserved 1179648K
  class space    used 9200K, committed 10048K, reserved 1048576K
}
Event: 578.307 GC heap after
{Heap after GC invocations=1354 (full 5):
 PSYoungGen      total 10240K, used 1280K [0x00000000d5580000, 0x00000000d6500000, 0x0000000100000000)
  eden space 8704K, 0% used [0x00000000d5580000,0x00000000d5580000,0x00000000d5e00000)
  from space 1536K, 83% used [0x00000000d5e00000,0x00000000d5f40040,0x00000000d5f80000)
  to   space 2560K, 0% used [0x00000000d6280000,0x00000000d6280000,0x00000000d6500000)
 ParOldGen       total 847872K, used 156600K [0x0000000080000000, 0x00000000b3c00000, 0x00000000d5580000)
  object space 847872K, 18% used [0x0000000080000000,0x00000000898ee088,0x00000000b3c00000)
 Metaspace       used 89284K, committed 91264K, reserved 1179648K
  class space    used 9200K, committed 10048K, reserved 1048576K
}
Event: 578.409 GC heap before
{Heap before GC invocations=1355 (full 5):
 PSYoungGen      total 10240K, used 9984K [0x00000000d5580000, 0x00000000d6500000, 0x0000000100000000)
  eden space 8704K, 100% used [0x00000000d5580000,0x00000000d5e00000,0x00000000d5e00000)
  from space 1536K, 83% used [0x00000000d5e00000,0x00000000d5f40040,0x00000000d5f80000)
  to   space 2560K, 0% used [0x00000000d6280000,0x00000000d6280000,0x00000000d6500000)
 ParOldGen       total 847872K, used 156600K [0x0000000080000000, 0x00000000b3c00000, 0x00000000d5580000)
  object space 847872K, 18% used [0x0000000080000000,0x00000000898ee088,0x00000000b3c00000)
 Metaspace       used 89302K, committed 91264K, reserved 1179648K
  class space    used 9200K, committed 10048K, reserved 1048576K
}
Event: 578.450 GC heap after
{Heap after GC invocations=1355 (full 5):
 PSYoungGen      total 12288K, used 1444K [0x00000000d5580000, 0x00000000d6400000, 0x0000000100000000)
  eden space 10752K, 0% used [0x00000000d5580000,0x00000000d5580000,0x00000000d6000000)
  from space 1536K, 94% used [0x00000000d6280000,0x00000000d63e90b8,0x00000000d6400000)
  to   space 2048K, 0% used [0x00000000d6000000,0x00000000d6000000,0x00000000d6200000)
 ParOldGen       total 847872K, used 157696K [0x0000000080000000, 0x00000000b3c00000, 0x00000000d5580000)
  object space 847872K, 18% used [0x0000000080000000,0x0000000089a00368,0x00000000b3c00000)
 Metaspace       used 89302K, committed 91264K, reserved 1179648K
  class space    used 9200K, committed 10048K, reserved 1048576K
}
Event: 578.463 GC heap before
{Heap before GC invocations=1356 (full 5):
 PSYoungGen      total 12288K, used 12196K [0x00000000d5580000, 0x00000000d6400000, 0x0000000100000000)
  eden space 10752K, 100% used [0x00000000d5580000,0x00000000d6000000,0x00000000d6000000)
  from space 1536K, 94% used [0x00000000d6280000,0x00000000d63e90b8,0x00000000d6400000)
  to   space 2048K, 0% used [0x00000000d6000000,0x00000000d6000000,0x00000000d6200000)
 ParOldGen       total 847872K, used 157696K [0x0000000080000000, 0x00000000b3c00000, 0x00000000d5580000)
  object space 847872K, 18% used [0x0000000080000000,0x0000000089a00368,0x00000000b3c00000)
 Metaspace       used 89302K, committed 91264K, reserved 1179648K
  class space    used 9200K, committed 10048K, reserved 1048576K
}
Event: 578.465 GC heap after
{Heap after GC invocations=1356 (full 5):
 PSYoungGen      total 12800K, used 1316K [0x00000000d5580000, 0x00000000d6580000, 0x0000000100000000)
  eden space 10752K, 0% used [0x00000000d5580000,0x00000000d5580000,0x00000000d6000000)
  from space 2048K, 64% used [0x00000000d6000000,0x00000000d6149250,0x00000000d6200000)
  to   space 1536K, 0% used [0x00000000d6400000,0x00000000d6400000,0x00000000d6580000)
 ParOldGen       total 847872K, used 159019K [0x0000000080000000, 0x00000000b3c00000, 0x00000000d5580000)
  object space 847872K, 18% used [0x0000000080000000,0x0000000089b4adc8,0x00000000b3c00000)
 Metaspace       used 89302K, committed 91264K, reserved 1179648K
  class space    used 9200K, committed 10048K, reserved 1048576K
}
Event: 578.482 GC heap before
{Heap before GC invocations=1357 (full 5):
 PSYoungGen      total 12800K, used 12068K [0x00000000d5580000, 0x00000000d6580000, 0x0000000100000000)
  eden space 10752K, 100% used [0x00000000d5580000,0x00000000d6000000,0x00000000d6000000)
  from space 2048K, 64% used [0x00000000d6000000,0x00000000d6149250,0x00000000d6200000)
  to   space 1536K, 0% used [0x00000000d6400000,0x00000000d6400000,0x00000000d6580000)
 ParOldGen       total 847872K, used 159019K [0x0000000080000000, 0x00000000b3c00000, 0x00000000d5580000)
  object space 847872K, 18% used [0x0000000080000000,0x0000000089b4adc8,0x00000000b3c00000)
 Metaspace       used 89302K, committed 91264K, reserved 1179648K
  class space    used 9200K, committed 10048K, reserved 1048576K
}
Event: 578.484 GC heap after
{Heap after GC invocations=1357 (full 5):
 PSYoungGen      total 14336K, used 784K [0x00000000d5580000, 0x00000000d6500000, 0x0000000100000000)
  eden space 13312K, 0% used [0x00000000d5580000,0x00000000d5580000,0x00000000d6280000)
  from space 1024K, 76% used [0x00000000d6400000,0x00000000d64c4010,0x00000000d6500000)
  to   space 1024K, 0% used [0x00000000d6300000,0x00000000d6300000,0x00000000d6400000)
 ParOldGen       total 847872K, used 160168K [0x0000000080000000, 0x00000000b3c00000, 0x00000000d5580000)
  object space 847872K, 18% used [0x0000000080000000,0x0000000089c6a018,0x00000000b3c00000)
 Metaspace       used 89302K, committed 91264K, reserved 1179648K
  class space    used 9200K, committed 10048K, reserved 1048576K
}
Event: 578.504 GC heap before
{Heap before GC invocations=1358 (full 5):
 PSYoungGen      total 14336K, used 14096K [0x00000000d5580000, 0x00000000d6500000, 0x0000000100000000)
  eden space 13312K, 100% used [0x00000000d5580000,0x00000000d6280000,0x00000000d6280000)
  from space 1024K, 76% used [0x00000000d6400000,0x00000000d64c4010,0x00000000d6500000)
  to   space 1024K, 0% used [0x00000000d6300000,0x00000000d6300000,0x00000000d6400000)
 ParOldGen       total 847872K, used 160168K [0x0000000080000000, 0x00000000b3c00000, 0x00000000d5580000)
  object space 847872K, 18% used [0x0000000080000000,0x0000000089c6a018,0x00000000b3c00000)
 Metaspace       used 89303K, committed 91264K, reserved 1179648K
  class space    used 9200K, committed 10048K, reserved 1048576K
}
Event: 578.506 GC heap after
{Heap after GC invocations=1358 (full 5):
 PSYoungGen      total 14336K, used 992K [0x00000000d5580000, 0x00000000d6680000, 0x0000000100000000)
  eden space 13312K, 0% used [0x00000000d5580000,0x00000000d5580000,0x00000000d6280000)
  from space 1024K, 96% used [0x00000000d6300000,0x00000000d63f8020,0x00000000d6400000)
  to   space 2048K, 0% used [0x00000000d6480000,0x00000000d6480000,0x00000000d6680000)
 ParOldGen       total 847872K, used 160950K [0x0000000080000000, 0x00000000b3c00000, 0x00000000d5580000)
  object space 847872K, 18% used [0x0000000080000000,0x0000000089d2dab8,0x00000000b3c00000)
 Metaspace       used 89303K, committed 91264K, reserved 1179648K
  class space    used 9200K, committed 10048K, reserved 1048576K
}
Event: 578.525 GC heap before
{Heap before GC invocations=1359 (full 5):
 PSYoungGen      total 14336K, used 14304K [0x00000000d5580000, 0x00000000d6680000, 0x0000000100000000)
  eden space 13312K, 100% used [0x00000000d5580000,0x00000000d6280000,0x00000000d6280000)
  from space 1024K, 96% used [0x00000000d6300000,0x00000000d63f8020,0x00000000d6400000)
  to   space 2048K, 0% used [0x00000000d6480000,0x00000000d6480000,0x00000000d6680000)
 ParOldGen       total 847872K, used 160950K [0x0000000080000000, 0x00000000b3c00000, 0x00000000d5580000)
  object space 847872K, 18% used [0x0000000080000000,0x0000000089d2dab8,0x00000000b3c00000)
 Metaspace       used 89304K, committed 91264K, reserved 1179648K
  class space    used 9200K, committed 10048K, reserved 1048576K
}
Event: 578.528 GC heap after
{Heap after GC invocations=1359 (full 5):
 PSYoungGen      total 15360K, used 1780K [0x00000000d5580000, 0x00000000d6680000, 0x0000000100000000)
  eden space 13312K, 0% used [0x00000000d5580000,0x00000000d5580000,0x00000000d6280000)
  from space 2048K, 86% used [0x00000000d6480000,0x00000000d663d220,0x00000000d6680000)
  to   space 2048K, 0% used [0x00000000d6280000,0x00000000d6280000,0x00000000d6480000)
 ParOldGen       total 847872K, used 161926K [0x0000000080000000, 0x00000000b3c00000, 0x00000000d5580000)
  object space 847872K, 19% used [0x0000000080000000,0x0000000089e21858,0x00000000b3c00000)
 Metaspace       used 89304K, committed 91264K, reserved 1179648K
  class space    used 9200K, committed 10048K, reserved 1048576K
}
Event: 578.548 GC heap before
{Heap before GC invocations=1360 (full 5):
 PSYoungGen      total 15360K, used 15092K [0x00000000d5580000, 0x00000000d6680000, 0x0000000100000000)
  eden space 13312K, 100% used [0x00000000d5580000,0x00000000d6280000,0x00000000d6280000)
  from space 2048K, 86% used [0x00000000d6480000,0x00000000d663d220,0x00000000d6680000)
  to   space 2048K, 0% used [0x00000000d6280000,0x00000000d6280000,0x00000000d6480000)
 ParOldGen       total 847872K, used 161926K [0x0000000080000000, 0x00000000b3c00000, 0x00000000d5580000)
  object space 847872K, 19% used [0x0000000080000000,0x0000000089e21858,0x00000000b3c00000)
 Metaspace       used 89306K, committed 91264K, reserved 1179648K
  class space    used 9200K, committed 10048K, reserved 1048576K
}
Event: 578.551 GC heap after
{Heap after GC invocations=1360 (full 5):
 PSYoungGen      total 15360K, used 1840K [0x00000000d5580000, 0x00000000d6680000, 0x0000000100000000)
  eden space 13312K, 0% used [0x00000000d5580000,0x00000000d5580000,0x00000000d6280000)
  from space 2048K, 89% used [0x00000000d6280000,0x00000000d644c030,0x00000000d6480000)
  to   space 2048K, 0% used [0x00000000d6480000,0x00000000d6480000,0x00000000d6680000)
 ParOldGen       total 847872K, used 163517K [0x0000000080000000, 0x00000000b3c00000, 0x00000000d5580000)
  object space 847872K, 19% used [0x0000000080000000,0x0000000089faf530,0x00000000b3c00000)
 Metaspace       used 89306K, committed 91264K, reserved 1179648K
  class space    used 9200K, committed 10048K, reserved 1048576K
}

